#
# There is insufficient memory for the Java Runtime Environment to continue.
# Native memory allocation (mmap) failed to map 134217728 bytes for Failed to commit area from 0x0000000081e00000 to 0x0000000089e00000 of length 134217728.
# Possible reasons:
#   The system is out of physical RAM or swap space
#   The process is running with CompressedOops enabled, and the Java Heap may be blocking the growth of the native heap
# Possible solutions:
#   Reduce memory load on the system
#   Increase physical memory or swap space
#   Check if swap backing store is full
#   Decrease Java heap size (-Xmx/-Xms)
#   Decrease number of Java threads
#   Decrease Java thread stack sizes (-Xss)
#   Set larger code cache with -XX:ReservedCodeCacheSize=
# This output file may be truncated or incomplete.
#
#  Out of Memory Error (c:/BuildAgent/work/5ff2f6c26000d570/src/hotspot/os/windows/os_windows.cpp:3296), pid=3108, tid=13380
#
# JRE version:  (11.0.6+8) (build )
# Java VM: OpenJDK 64-Bit Server VM (11.0.6+8-b520.43, mixed mode, sharing, tiered, compressed oops, g1 gc, windows-amd64)
# No core dump will be written. Minidumps are not enabled by default on client versions of Windows
#

---------------  S U M M A R Y ------------

Command Line: org.jetbrains.git4idea.http.GitAskPassApp Username for 'https://github.com': 

Host: Intel(R) Core(TM) i5-7200U CPU @ 2.50GHz, 4 cores, 7G,  Windows 10 , 64 bit Build 18362 (10.0.18362.900)
Time: Thu Jun 18 12:52:59 2020 Közép-európai nyári ido  elapsed time: 0 seconds (0d 0h 0m 0s)

---------------  T H R E A D  ---------------

Current thread (0x000001e654680000):  JavaThread "Unknown thread" [_thread_in_vm, id=13380, stack(0x00000004fb600000,0x00000004fb700000)]

Stack: [0x00000004fb600000,0x00000004fb700000]
Native frames: (J=compiled Java code, j=interpreted, Vv=VM code, C=native code)
V  [jvm.dll+0x5de31a]
V  [jvm.dll+0x710ae5]
V  [jvm.dll+0x712005]
V  [jvm.dll+0x7126b3]
V  [jvm.dll+0x23e3a8]
V  [jvm.dll+0x5db814]
V  [jvm.dll+0x5d0a35]
V  [jvm.dll+0x2faeeb]
V  [jvm.dll+0x2fae5a]
V  [jvm.dll+0x2fad32]
V  [jvm.dll+0x2ffc06]
V  [jvm.dll+0x348483]
V  [jvm.dll+0x348b86]
V  [jvm.dll+0x348583]
V  [jvm.dll+0x2d57b8]
V  [jvm.dll+0x2d6957]
V  [jvm.dll+0x6ef8a7]
V  [jvm.dll+0x6f109c]
V  [jvm.dll+0x355a79]
V  [jvm.dll+0x6d49ee]
V  [jvm.dll+0x3bf0a3]
V  [jvm.dll+0x3c15c1]
C  [jli.dll+0x5363]
C  [ucrtbase.dll+0x20e82]
C  [KERNEL32.DLL+0x17bd4]
C  [ntdll.dll+0x6ce51]


---------------  P R O C E S S  ---------------

Threads class SMR info:
_java_thread_list=0x000001e654454bc0, length=0, elements={
}

Java Threads: ( => current thread )

Other Threads:
  0x000001e65469a000 GCTaskThread "GC Thread#0" [stack: 0x00000004fb700000,0x00000004fb800000] [id=24652]
  0x000001e6546ca800 ConcurrentGCThread "G1 Main Marker" [stack: 0x00000004fb800000,0x00000004fb900000] [id=12584]
  0x000001e6546cc000 ConcurrentGCThread "G1 Conc#0" [stack: 0x00000004fb900000,0x00000004fba00000] [id=9424]

[error occurred during error reporting (printing all threads), id 0xc0000005, EXCEPTION_ACCESS_VIOLATION (0xc0000005) at pc=0x00007ffc08b96027]

VM state:not at safepoint (not fully initialized)

VM Mutex/Monitor currently owned by a thread:  ([mutex/lock_event])
[0x000001e65467dff0] Heap_lock - owner thread: 0x000001e654680000

Heap address: 0x0000000081e00000, size: 2018 MB, Compressed Oops mode: Non-zero based: 0x0000000081e00000
Narrow klass base: 0x0000000000000000, Narrow klass shift: 0

GC Heap History (0 events):
No events

Deoptimization events (0 events):
No events

Classes redefined (0 events):
No events

Internal exceptions (0 events):
No events

Events (2 events):
Event: 0.018 Loaded shared library C:\Users\Ákos\AppData\Local\JetBrains\Toolbox\apps\IDEA-U\ch-0\193.6911.18\jbr\bin\zip.dll
Event: 0.020 Loaded shared library C:\Users\Ákos\AppData\Local\JetBrains\Toolbox\apps\IDEA-U\ch-0\193.6911.18\jbr\bin\jimage.dll


Dynamic libraries:
0x00007ff7a6300000 - 0x00007ff7a630a000 	C:\Users\Ákos\AppData\Local\JetBrains\Toolbox\apps\IDEA-U\ch-0\193.6911.18\jbr\bin\java.exe
0x00007ffc49c20000 - 0x00007ffc49e10000 	C:\WINDOWS\SYSTEM32\ntdll.dll
0x00007ffc21f90000 - 0x00007ffc21fa3000 	C:\Program Files\AVAST Software\Avast\aswhook.dll
0x00007ffc48020000 - 0x00007ffc480d2000 	C:\WINDOWS\System32\KERNEL32.DLL
0x00007ffc47220000 - 0x00007ffc474c4000 	C:\WINDOWS\System32\KERNELBASE.dll
0x00007ffc47120000 - 0x00007ffc4721a000 	C:\WINDOWS\System32\ucrtbase.dll
0x00007ffc415e0000 - 0x00007ffc415f9000 	C:\Users\Ákos\AppData\Local\JetBrains\Toolbox\apps\IDEA-U\ch-0\193.6911.18\jbr\bin\jli.dll
0x00007ffc48640000 - 0x00007ffc487d4000 	C:\WINDOWS\System32\USER32.dll
0x00007ffc47090000 - 0x00007ffc470b1000 	C:\WINDOWS\System32\win32u.dll
0x00007ffc49780000 - 0x00007ffc497a6000 	C:\WINDOWS\System32\GDI32.dll
0x00007ffc46bb0000 - 0x00007ffc46d45000 	C:\WINDOWS\System32\gdi32full.dll
0x00007ffc46d50000 - 0x00007ffc46dee000 	C:\WINDOWS\System32\msvcp_win.dll
0x00007ffc41520000 - 0x00007ffc41537000 	C:\Users\Ákos\AppData\Local\JetBrains\Toolbox\apps\IDEA-U\ch-0\193.6911.18\jbr\bin\VCRUNTIME140.dll
0x00007ffc36150000 - 0x00007ffc363d4000 	C:\WINDOWS\WinSxS\amd64_microsoft.windows.common-controls_6595b64144ccf1df_6.0.18362.900_none_e6beb9d913147d17\COMCTL32.dll
0x00007ffc48a90000 - 0x00007ffc48b2e000 	C:\WINDOWS\System32\msvcrt.dll
0x00007ffc47ce0000 - 0x00007ffc48015000 	C:\WINDOWS\System32\combase.dll
0x00007ffc497b0000 - 0x00007ffc498d0000 	C:\WINDOWS\System32\RPCRT4.dll
0x00007ffc47c50000 - 0x00007ffc47cd0000 	C:\WINDOWS\System32\bcryptPrimitives.dll
0x00007ffc48b30000 - 0x00007ffc48b5e000 	C:\WINDOWS\System32\IMM32.DLL
0x00007ffc2a340000 - 0x00007ffc2a3dd000 	C:\Users\Ákos\AppData\Local\JetBrains\Toolbox\apps\IDEA-U\ch-0\193.6911.18\jbr\bin\msvcp140.dll
0x00007ffc088b0000 - 0x00007ffc0936d000 	C:\Users\Ákos\AppData\Local\JetBrains\Toolbox\apps\IDEA-U\ch-0\193.6911.18\jbr\bin\server\jvm.dll
0x00007ffc49a80000 - 0x00007ffc49b23000 	C:\WINDOWS\System32\ADVAPI32.dll
0x00007ffc49620000 - 0x00007ffc496b7000 	C:\WINDOWS\System32\sechost.dll
0x00007ffc48940000 - 0x00007ffc48948000 	C:\WINDOWS\System32\PSAPI.DLL
0x00007ffc3c4b0000 - 0x00007ffc3c4b9000 	C:\WINDOWS\SYSTEM32\WSOCK32.dll
0x00007ffc48a20000 - 0x00007ffc48a8f000 	C:\WINDOWS\System32\WS2_32.dll
0x00007ffc39de0000 - 0x00007ffc39e04000 	C:\WINDOWS\SYSTEM32\WINMM.dll
0x00007ffc40510000 - 0x00007ffc4051a000 	C:\WINDOWS\SYSTEM32\VERSION.dll
0x00007ffc39c00000 - 0x00007ffc39c2d000 	C:\WINDOWS\SYSTEM32\WINMMBASE.dll
0x00007ffc46e20000 - 0x00007ffc46e6a000 	C:\WINDOWS\System32\cfgmgr32.dll
0x00007ffc46b60000 - 0x00007ffc46b71000 	C:\WINDOWS\System32\kernel.appcore.dll
0x00007ffc421c0000 - 0x00007ffc421d1000 	C:\Users\Ákos\AppData\Local\JetBrains\Toolbox\apps\IDEA-U\ch-0\193.6911.18\jbr\bin\verify.dll
0x00007ffc45400000 - 0x00007ffc455f4000 	C:\WINDOWS\SYSTEM32\DBGHELP.DLL
0x00007ffc3fad0000 - 0x00007ffc3fafa000 	C:\WINDOWS\SYSTEM32\dbgcore.DLL
0x00007ffc41490000 - 0x00007ffc414b9000 	C:\Users\Ákos\AppData\Local\JetBrains\Toolbox\apps\IDEA-U\ch-0\193.6911.18\jbr\bin\java.dll
0x00007ffc41d40000 - 0x00007ffc41d58000 	C:\Users\Ákos\AppData\Local\JetBrains\Toolbox\apps\IDEA-U\ch-0\193.6911.18\jbr\bin\zip.dll
0x00007ffc44310000 - 0x00007ffc4431b000 	C:\Users\Ákos\AppData\Local\JetBrains\Toolbox\apps\IDEA-U\ch-0\193.6911.18\jbr\bin\jimage.dll

dbghelp: loaded successfully - version: 4.0.5 - missing functions: none
symbol engine: initialized successfully - sym options: 0x614 - pdb path: .;C:\Users\Ákos\AppData\Local\JetBrains\Toolbox\apps\IDEA-U\ch-0\193.6911.18\jbr\bin;C:\WINDOWS\SYSTEM32;C:\Program Files\AVAST Software\Avast;C:\WINDOWS\WinSxS\amd64_microsoft.windows.common-controls_6595b64144ccf1df_6.0.18362.900_none_e6beb9d913147d17;C:\Users\Ákos\AppData\Local\JetBrains\Toolbox\apps\IDEA-U\ch-0\193.6911.18\jbr\bin\server

VM Arguments:
java_command: org.jetbrains.git4idea.http.GitAskPassApp Username for 'https://github.com': 
java_class_path (initial): C:/Users/Ákos/AppData/Local/JetBrains/Toolbox/apps/IDEA-U/ch-0/193.6911.18/plugins/git4idea/lib/git4idea-rt.jar;C:/Users/Ákos/AppData/Local/JetBrains/Toolbox/apps/IDEA-U/ch-0/193.6911.18/lib/xmlrpc-2.0.1.jar;C:/Users/Ákos/AppData/Local/JetBrains/Toolbox/apps/IDEA-U/ch-0/193.6911.18/lib/commons-codec-1.13.jar;C:/Users/Ákos/AppData/Local/JetBrains/Toolbox/apps/IDEA-U/ch-0/193.6911.18/lib/util.jar
Launcher Type: SUN_STANDARD

[Global flags]
     intx CICompilerCount                          = 3                                         {product} {ergonomic}
     uint ConcGCThreads                            = 1                                         {product} {ergonomic}
     uint G1ConcRefinementThreads                  = 4                                         {product} {ergonomic}
   size_t G1HeapRegionSize                         = 1048576                                   {product} {ergonomic}
    uintx GCDrainStackTargetSize                   = 64                                        {product} {ergonomic}
   size_t InitialHeapSize                          = 134217728                                 {product} {ergonomic}
   size_t MarkStackSize                            = 4194304                                   {product} {ergonomic}
   size_t MaxHeapSize                              = 2116026368                                {product} {ergonomic}
   size_t MinHeapDeltaBytes                        = 1048576                                   {product} {ergonomic}
    uintx NonNMethodCodeHeapSize                   = 5830732                                {pd product} {ergonomic}
    uintx NonProfiledCodeHeapSize                  = 122913754                              {pd product} {ergonomic}
    uintx ProfiledCodeHeapSize                     = 122913754                              {pd product} {ergonomic}
    uintx ReservedCodeCacheSize                    = 251658240                              {pd product} {ergonomic}
     bool SegmentedCodeCache                       = true                                      {product} {ergonomic}
     bool UseCompressedClassPointers               = true                                 {lp64_product} {ergonomic}
     bool UseCompressedOops                        = true                                 {lp64_product} {ergonomic}
     bool UseG1GC                                  = true                                      {product} {ergonomic}
     bool UseLargePagesIndividualAllocation        = false                                  {pd product} {ergonomic}

Logging:
Log output configuration:
 #0: stdout all=warning uptime,level,tags
 #1: stderr all=off uptime,level,tags

Environment Variables:
PATH=C:\Program Files\Git\mingw64\libexec\git-core;C:\Program Files\Git\mingw64\libexec\git-core;C:\Program Files\Git\mingw64\bin;C:\Program Files\Git\usr\bin;C:\Users\Ákos\bin;C:\Program Files (x86)\Common Files\Oracle\Java\javapath;C:\Program Files (x86)\Intel\iCLS Client;C:\Program Files\Intel\iCLS Client;C:\windows\system32;C:\windows;C:\windows\System32\Wbem;C:\windows\System32\WindowsPowerShell\v1.0;C:\Program Files (x86)\Intel\Intel(R) Management Engine Components\DAL;C:\Program Files\Intel\Intel(R) Management Engine Components\DAL;C:\Program Files (x86)\Intel\Intel(R) Management Engine Components\IPT;C:\Program Files\Intel\Intel(R) Management Engine Components\IPT;C:\WINDOWS\system32;C:\WINDOWS;C:\WINDOWS\System32\Wbem;C:\WINDOWS\System32\WindowsPowerShell\v1.0;C:\WINDOWS\System32\OpenSSH;C:\Program Files\TortoiseGit\bin;C:\Program Files\Intel\WiFi\bin;C:\Program Files\Common Files\Intel\WirelessCommon;C:\Program Files\Microsoft SQL Server\130\Tools\Binn;C:\Program Files\Microsoft SQL Server\Client SDK\ODBC\170\Tools\Binn;C:\Program Files\Git\cmd;C:\Program Files (x86)\NVIDIA Corporation\PhysX\Common;C:\Program Files\NVIDIA Corporation\NVIDIA NvDLISR;C:\Program Files\dotnet;C:\Users\Ákos\AppData\Local\Microsoft\WindowsApps
USERNAME=Ákos
DISPLAY=:0.0
OS=Windows_NT
PROCESSOR_IDENTIFIER=Intel64 Family 6 Model 142 Stepping 9, GenuineIntel



---------------  S Y S T E M  ---------------

OS: Windows 10 , 64 bit Build 18362 (10.0.18362.900)

CPU:total 4 (initial active 4) (2 cores per cpu, 2 threads per core) family 6 model 142 stepping 9, cmov, cx8, fxsr, mmx, sse, sse2, sse3, ssse3, sse4.1, sse4.2, popcnt, avx, avx2, aes, clmul, erms, 3dnowpref, lzcnt, ht, tsc, tscinvbit, bmi1, bmi2, adx, fma

Memory: 4k page, system-wide physical 8064M (306M free)
TotalPageFile size 32640M (AvailPageFile size 42M)
current process WorkingSet (physical memory assigned to process): 10M, peak: 10M
current process commit charge ("private bytes"): 51M, peak: 179M

vm_info: OpenJDK 64-Bit Server VM (11.0.6+8-b520.43) for windows-amd64 JRE (11.0.6+8-b520.43), built on Feb  3 2020 14:18:56 by "" with MS VC++ 14.0 (VS2015)

END.
